<?xml version="1.0" encoding="UTF-8"?>
<!-- Generated by org.testng.reporters.JUnitReportReporter -->
<testsuite skipped="0" hostname="KAFEER" name="qaautomation.july2022.AppTest" tests="1" failures="0" timestamp="16 Jul 2022 02:31:19 GMT" time="0.010" errors="0">
  <testcase name="shouldAnswerWithTrue" time="0.010" classname="qaautomation.july2022.AppTest"/>
</testsuite> <!-- qaautomation.july2022.AppTest -->
