<?xml version="1.0" encoding="UTF-8"?>
<!-- Generated by org.testng.reporters.JUnitReportReporter -->
<testsuite skipped="0" hostname="KAFEER" name="qaautomation.july2022.WebTest" tests="4" failures="0" timestamp="16 Jul 2022 03:45:07 GMT" time="39.460" errors="0">
  <testcase name="testLogin" time="12.132" classname="qaautomation.july2022.WebTest"/>
  <testcase name="testLoginWrongUsernameAndPassword" time="10.590" classname="qaautomation.july2022.WebTest"/>
  <testcase name="testLoginWrongPassword" time="6.333" classname="qaautomation.july2022.WebTest"/>
  <testcase name="testLoginWrongUsername" time="10.405" classname="qaautomation.july2022.WebTest"/>
</testsuite> <!-- qaautomation.july2022.WebTest -->
