<?xml version="1.0" encoding="UTF-8"?>
<!-- Generated by org.testng.reporters.JUnitReportReporter -->
<testsuite skipped="0" hostname="KAFEER" name="qaautomation.july2022.WebTestAfterRefactor" tests="4" failures="0" timestamp="16 Jul 2022 03:53:46 GMT" time="40.554" errors="0">
  <testcase name="testLogin" time="11.732" classname="qaautomation.july2022.WebTestAfterRefactor"/>
  <testcase name="testLoginWrongUsername" time="8.689" classname="qaautomation.july2022.WebTestAfterRefactor"/>
  <testcase name="testLoginWrongPassword" time="8.803" classname="qaautomation.july2022.WebTestAfterRefactor"/>
  <testcase name="testLoginWrongUsernameAndPassword" time="11.330" classname="qaautomation.july2022.WebTestAfterRefactor"/>
</testsuite> <!-- qaautomation.july2022.WebTestAfterRefactor -->
