<?xml version="1.0" encoding="UTF-8"?>
<!-- Generated by org.testng.reporters.JUnitReportReporter -->
<testsuite skipped="0" hostname="KAFEER" name="qaautomation.july2022.WebTestAfterRefactor2" tests="5" failures="0" timestamp="17 Jul 2022 03:12:41 GMT" time="33.870" errors="0">
  <testcase name="testLoginWrongUsernameAndPassword" time="5.507" classname="qaautomation.july2022.WebTestAfterRefactor2"/>
  <testcase name="testLoginWrongUsername" time="6.603" classname="qaautomation.july2022.WebTestAfterRefactor2"/>
  <testcase name="testLoginNew" time="8.720" classname="qaautomation.july2022.WebTestAfterRefactor2"/>
  <testcase name="testLogin" time="7.436" classname="qaautomation.july2022.WebTestAfterRefactor2"/>
  <testcase name="testLoginWrongPassword" time="5.604" classname="qaautomation.july2022.WebTestAfterRefactor2"/>
</testsuite> <!-- qaautomation.july2022.WebTestAfterRefactor2 -->
