<?xml version="1.0" encoding="UTF-8"?>
<!-- Generated by org.testng.reporters.JUnitReportReporter -->
<testsuite skipped="0" hostname="KAFEER" name="qaautomation.july2022.WebTestPOM" tests="1" failures="0" timestamp="17 Jul 2022 03:24:05 GMT" time="7.327" errors="0">
  <testcase name="testLogin" time="7.327" classname="qaautomation.july2022.WebTestPOM"/>
</testsuite> <!-- qaautomation.july2022.WebTestPOM -->
