<?xml version="1.0" encoding="UTF-8"?>
<!-- Generated by org.testng.reporters.JUnitReportReporter -->
<testsuite skipped="0" hostname="KAFEER" name="qaautomation.july2022.WebTestAfterRefactor" tests="4" failures="0" timestamp="17 Jul 2022 02:24:44 GMT" time="68.488" errors="0">
  <testcase name="testLoginWrongUsername" time="23.282" classname="qaautomation.july2022.WebTestAfterRefactor"/>
  <testcase name="testLoginWrongUsernameAndPassword" time="20.837" classname="qaautomation.july2022.WebTestAfterRefactor"/>
  <testcase name="testLoginWrongPassword" time="5.895" classname="qaautomation.july2022.WebTestAfterRefactor"/>
  <testcase name="testLogin" time="18.474" classname="qaautomation.july2022.WebTestAfterRefactor"/>
</testsuite> <!-- qaautomation.july2022.WebTestAfterRefactor -->
